[21:03:51] [main/INFO]: Using standard Java JCE cipher.
[21:03:51] [main/INFO]: Using standard Java compressor.
[21:03:51] [main/INFO]: Enabled Waterfall version git:Waterfall-Bootstrap:1.19-R0.1-SNAPSHOT:f6069e2:513
[21:03:51] [main/INFO]: Discovered module: ModuleSpec(name=cmd_alert, file=modules\cmd_alert.jar, provider=JenkinsModuleSource())
[21:03:51] [main/INFO]: Discovered module: ModuleSpec(name=cmd_find, file=modules\cmd_find.jar, provider=JenkinsModuleSource())
[21:03:51] [main/INFO]: Discovered module: ModuleSpec(name=cmd_list, file=modules\cmd_list.jar, provider=JenkinsModuleSource())
[21:03:51] [main/INFO]: Discovered module: ModuleSpec(name=cmd_send, file=modules\cmd_send.jar, provider=JenkinsModuleSource())
[21:03:51] [main/INFO]: Discovered module: ModuleSpec(name=cmd_server, file=modules\cmd_server.jar, provider=JenkinsModuleSource())
[21:03:51] [main/INFO]: Discovered module: ModuleSpec(name=reconnect_yaml, file=modules\reconnect_yaml.jar, provider=JenkinsModuleSource())
[21:03:51] [main/INFO]: Loaded plugin reconnect_yaml version git:reconnect_yaml:1.19-R0.1-SNAPSHOT:f6069e2:513 by WaterfallMC
[21:03:51] [main/INFO]: Loaded plugin cmd_find version git:cmd_find:1.19-R0.1-SNAPSHOT:f6069e2:513 by WaterfallMC
[21:03:51] [main/INFO]: Loaded plugin cmd_server version git:cmd_server:1.19-R0.1-SNAPSHOT:f6069e2:513 by WaterfallMC
[21:03:51] [main/INFO]: Loaded plugin cmd_alert version git:cmd_alert:1.19-R0.1-SNAPSHOT:f6069e2:513 by WaterfallMC
[21:03:51] [main/INFO]: Loaded plugin cmd_send version git:cmd_send:1.19-R0.1-SNAPSHOT:f6069e2:513 by WaterfallMC
[21:03:51] [main/INFO]: Loaded plugin cmd_list version git:cmd_list:1.19-R0.1-SNAPSHOT:f6069e2:513 by WaterfallMC
[21:03:51] [main/WARN]: :>:>:>:>:>:>:>:>:>:>:>:>:>:>:>:>:>:>:>:>:>:>:>
[21:03:51] [main/WARN]: :>  
[21:03:51] [main/WARN]: :>      EAGLERCRAFTXBUNGEE WARNING:
[21:03:51] [main/WARN]: :>  
[21:03:51] [main/WARN]: :>  This plugin wasn't tested to be 'working'
[21:03:51] [main/WARN]: :>  with ANY version of BungeeCord (and forks)
[21:03:51] [main/WARN]: :>  apart from the versions listed below:
[21:03:51] [main/WARN]: :>  
[21:03:51] [main/WARN]: :>  - BungeeCord: 1.20-R0.2-SNAPSHOT:231024b:1777
[21:03:51] [main/WARN]: :>  - Waterfall: 1.20-R0.2-SNAPSHOT:d85fe36:556
[21:03:51] [main/WARN]: :>  - FlameCord: 1.1.1
[21:03:51] [main/WARN]: :>  
[21:03:51] [main/WARN]: :>  This is not a Bukkit/Spigot plugin!
[21:03:51] [main/WARN]: :>  
[21:03:51] [main/WARN]: :>  Use "-Deaglerxbungee.stfu=true" to hide
[21:03:51] [main/WARN]: :>  
[21:03:51] [main/WARN]: :>:>:>:>:>:>:>:>:>:>:>:>:>:>:>:>:>:>:>:>:>:>:>
[21:03:51] [main/INFO] [EaglercraftXBungee]: Loading vanilla profile: lax1dude
[21:03:52] [Skin Download Thread #1/INFO] [EaglercraftXBungee]: Loaded vanilla profile: lax1dude
[21:03:52] [main/INFO]: Loaded plugin EaglercraftXBungee version 1.0.9 by lax1dude
[21:03:52] [main/WARN]: Forced host server pvp is not defined
[21:03:52] [main/INFO]: Enabled plugin reconnect_yaml version git:reconnect_yaml:1.19-R0.1-SNAPSHOT:f6069e2:513 by WaterfallMC
[21:03:52] [main/INFO]: Enabled plugin cmd_find version git:cmd_find:1.19-R0.1-SNAPSHOT:f6069e2:513 by WaterfallMC
[21:03:52] [main/INFO]: Enabled plugin cmd_server version git:cmd_server:1.19-R0.1-SNAPSHOT:f6069e2:513 by WaterfallMC
[21:03:52] [main/INFO]: Enabled plugin cmd_alert version git:cmd_alert:1.19-R0.1-SNAPSHOT:f6069e2:513 by WaterfallMC
[21:03:52] [main/INFO]: Enabled plugin cmd_send version git:cmd_send:1.19-R0.1-SNAPSHOT:f6069e2:513 by WaterfallMC
[21:03:52] [main/INFO]: Enabled plugin cmd_list version git:cmd_list:1.19-R0.1-SNAPSHOT:f6069e2:513 by WaterfallMC
[21:03:52] [main/ERROR] [EaglercraftXBungee]: Online mode is set to false! Authentication system has been disabled
[21:03:52] [Netty Worker IO Thread #0/INFO] [EaglercraftXBungee]: Eaglercraft is listening on: /0.0.0.0:8082
[21:03:53] [main/INFO] [EaglercraftXBungee]: Connected to database: jdbc:sqlite:eaglercraft_skins_cache.db
[21:03:53] [main/INFO]: Enabled plugin EaglercraftXBungee version 1.0.9 by lax1dude
[21:03:53] [Netty Boss IO Thread #0/INFO]: Listening on /127.0.0.1:25577
[21:18:33] [Shutdown Thread/INFO]: Closing listener [id: 0xac456549, L:/127.0.0.1:25577]
[21:18:33] [Shutdown Thread/INFO]: Closing pending connections
[21:18:33] [Shutdown Thread/INFO]: Disconnecting 0 connections
[21:18:34] [Shutdown Thread/INFO]: Disabling plugins
[21:18:34] [Shutdown Thread/INFO] [EaglercraftXBungee]: Eaglercraft listener closed: /0.0.0.0:8082
[21:18:34] [Shutdown Thread/INFO] [EaglercraftXBungee]: Successfully disconnected from database 'jdbc:sqlite:eaglercraft_skins_cache.db'
[21:18:34] [Shutdown Thread/INFO] [EaglercraftXBungee]: Stopping skin cache HTTP client...
[21:18:36] [Shutdown Thread/INFO]: Closing IO threads
[21:18:38] [Shutdown Thread/INFO]: Thank you and goodbye
